[      56ms] [ERROR] Failed to load resource: the server responded with a status of 404 (Not Found) @ http://localhost:8080/assets/fonts/roboto-v29-latin-regular.woff2:0
[      57ms] [ERROR] Failed to load resource: the server responded with a status of 404 (Not Found) @ http://localhost:8080/assets/fonts/roboto-v29-latin-700.woff2:0
[     139ms] [LOG] [11ty][21:22:55.158 UTC] Connected @ http://localhost:8080/.11ty/reload-client.js:20
[   26785ms] [WARNING] The resource http://localhost:8080/assets/svgs/logo-black.svg was preloaded using link preload but not used within a few seconds from the window's load event. Please make sure it has an appropriate `as` value and it is preloaded intentionally. @ http://localhost:8080/:0
[   26785ms] [WARNING] The resource http://localhost:8080/assets/fonts/roboto-v29-latin-700.woff2 was preloaded using link preload but not used within a few seconds from the window's load event. Please make sure it has an appropriate `as` value and it is preloaded intentionally. @ http://localhost:8080/:0
[   26785ms] [WARNING] The resource http://localhost:8080/assets/fonts/roboto-v29-latin-regular.woff2 was preloaded using link preload but not used within a few seconds from the window's load event. Please make sure it has an appropriate `as` value and it is preloaded intentionally. @ http://localhost:8080/:0
[   95269ms] [WARNING] The resource http://localhost:8080/assets/svgs/logo-black.svg was preloaded using link preload but not used within a few seconds from the window's load event. Please make sure it has an appropriate `as` value and it is preloaded intentionally. @ http://localhost:8080/:0
[   95270ms] [WARNING] The resource http://localhost:8080/assets/fonts/roboto-v29-latin-700.woff2 was preloaded using link preload but not used within a few seconds from the window's load event. Please make sure it has an appropriate `as` value and it is preloaded intentionally. @ http://localhost:8080/:0
[   95270ms] [WARNING] The resource http://localhost:8080/assets/fonts/roboto-v29-latin-regular.woff2 was preloaded using link preload but not used within a few seconds from the window's load event. Please make sure it has an appropriate `as` value and it is preloaded intentionally. @ http://localhost:8080/:0
[  225609ms] [LOG] [11ty][21:26:40.628 UTC] JavaScript added, reload initiated. @ http://localhost:8080/.11ty/reload-client.js:20
[  225611ms] [LOG] [11ty][21:26:40.630 UTC] JavaScript added, reload initiated. @ http://localhost:8080/.11ty/reload-client.js:20
[  225617ms] [LOG] [11ty][21:26:40.636 UTC] HTML delta applied without page reload. @ http://localhost:8080/.11ty/reload-client.js:20
[  225784ms] [LOG] [11ty][21:26:40.804 UTC] Connected @ http://localhost:8080/.11ty/reload-client.js:20
[  225839ms] [ERROR] Failed to load resource: the server responded with a status of 404 (Not Found) @ http://localhost:8080/assets/fonts/roboto-v29-latin-regular.woff2:0
[  225843ms] [ERROR] Failed to load resource: the server responded with a status of 404 (Not Found) @ http://localhost:8080/assets/fonts/roboto-v29-latin-700.woff2:0
[  225926ms] [LOG] [11ty][21:26:40.946 UTC] Connected @ http://localhost:8080/.11ty/reload-client.js:20
[  234754ms] [WARNING] The resource http://localhost:8080/assets/svgs/logo-black.svg was preloaded using link preload but not used within a few seconds from the window's load event. Please make sure it has an appropriate `as` value and it is preloaded intentionally. @ http://localhost:8080/:0
[  234754ms] [WARNING] The resource http://localhost:8080/assets/fonts/roboto-v29-latin-700.woff2 was preloaded using link preload but not used within a few seconds from the window's load event. Please make sure it has an appropriate `as` value and it is preloaded intentionally. @ http://localhost:8080/:0
[  234754ms] [WARNING] The resource http://localhost:8080/assets/fonts/roboto-v29-latin-regular.woff2 was preloaded using link preload but not used within a few seconds from the window's load event. Please make sure it has an appropriate `as` value and it is preloaded intentionally. @ http://localhost:8080/:0
[  243835ms] [WARNING] The resource http://localhost:8080/assets/svgs/logo-black.svg was preloaded using link preload but not used within a few seconds from the window's load event. Please make sure it has an appropriate `as` value and it is preloaded intentionally. @ http://localhost:8080/:0
[  243835ms] [WARNING] The resource http://localhost:8080/assets/fonts/roboto-v29-latin-700.woff2 was preloaded using link preload but not used within a few seconds from the window's load event. Please make sure it has an appropriate `as` value and it is preloaded intentionally. @ http://localhost:8080/:0
[  243835ms] [WARNING] The resource http://localhost:8080/assets/fonts/roboto-v29-latin-regular.woff2 was preloaded using link preload but not used within a few seconds from the window's load event. Please make sure it has an appropriate `as` value and it is preloaded intentionally. @ http://localhost:8080/:0
[  434059ms] [LOG] [11ty][21:30:09.078 UTC] JavaScript added, reload initiated. @ http://localhost:8080/.11ty/reload-client.js:20
[  434059ms] [LOG] [11ty][21:30:09.078 UTC] JavaScript added, reload initiated. @ http://localhost:8080/.11ty/reload-client.js:20
[  434062ms] [LOG] [11ty][21:30:09.081 UTC] HTML delta applied without page reload. @ http://localhost:8080/.11ty/reload-client.js:20
[  434272ms] [ERROR] Failed to load resource: the server responded with a status of 404 (Not Found) @ http://localhost:8080/assets/fonts/roboto-v29-latin-regular.woff2:0
[  434275ms] [ERROR] Failed to load resource: the server responded with a status of 404 (Not Found) @ http://localhost:8080/assets/fonts/roboto-v29-latin-700.woff2:0
[  434317ms] [LOG] [11ty][21:30:09.337 UTC] Connected @ http://localhost:8080/.11ty/reload-client.js:20
[  438684ms] [WARNING] The resource http://localhost:8080/assets/svgs/logo-black.svg was preloaded using link preload but not used within a few seconds from the window's load event. Please make sure it has an appropriate `as` value and it is preloaded intentionally. @ http://localhost:8080/:0
[  438684ms] [WARNING] The resource http://localhost:8080/assets/fonts/roboto-v29-latin-700.woff2 was preloaded using link preload but not used within a few seconds from the window's load event. Please make sure it has an appropriate `as` value and it is preloaded intentionally. @ http://localhost:8080/:0
[  438684ms] [WARNING] The resource http://localhost:8080/assets/fonts/roboto-v29-latin-regular.woff2 was preloaded using link preload but not used within a few seconds from the window's load event. Please make sure it has an appropriate `as` value and it is preloaded intentionally. @ http://localhost:8080/:0
[  506449ms] [LOG] [11ty][21:31:21.468 UTC] Page reload initiated. @ http://localhost:8080/.11ty/reload-client.js:20
[  506631ms] [ERROR] Failed to load resource: the server responded with a status of 404 (Not Found) @ http://localhost:8080/assets/fonts/roboto-v29-latin-regular.woff2:0
[  506632ms] [ERROR] Failed to load resource: the server responded with a status of 404 (Not Found) @ http://localhost:8080/assets/fonts/roboto-v29-latin-700.woff2:0
[  506732ms] [LOG] [11ty][21:31:21.752 UTC] Connected @ http://localhost:8080/.11ty/reload-client.js:20
[  515866ms] [WARNING] The resource http://localhost:8080/assets/svgs/logo-black.svg was preloaded using link preload but not used within a few seconds from the window's load event. Please make sure it has an appropriate `as` value and it is preloaded intentionally. @ http://localhost:8080/:0
[  515866ms] [WARNING] The resource http://localhost:8080/assets/fonts/roboto-v29-latin-700.woff2 was preloaded using link preload but not used within a few seconds from the window's load event. Please make sure it has an appropriate `as` value and it is preloaded intentionally. @ http://localhost:8080/:0
[  515866ms] [WARNING] The resource http://localhost:8080/assets/fonts/roboto-v29-latin-regular.woff2 was preloaded using link preload but not used within a few seconds from the window's load event. Please make sure it has an appropriate `as` value and it is preloaded intentionally. @ http://localhost:8080/:0
[  520998ms] [WARNING] The resource http://localhost:8080/assets/svgs/logo-black.svg was preloaded using link preload but not used within a few seconds from the window's load event. Please make sure it has an appropriate `as` value and it is preloaded intentionally. @ http://localhost:8080/:0
[  520999ms] [WARNING] The resource http://localhost:8080/assets/fonts/roboto-v29-latin-700.woff2 was preloaded using link preload but not used within a few seconds from the window's load event. Please make sure it has an appropriate `as` value and it is preloaded intentionally. @ http://localhost:8080/:0
[  520999ms] [WARNING] The resource http://localhost:8080/assets/fonts/roboto-v29-latin-regular.woff2 was preloaded using link preload but not used within a few seconds from the window's load event. Please make sure it has an appropriate `as` value and it is preloaded intentionally. @ http://localhost:8080/:0
